This file contains any messages produced by compilers while
running configure, to aid debugging if configure makes a mistake.

It was created by zettair configure trunk, which was
generated by GNU Autoconf 2.61.  Invocation command line was

  $ ./configure --build=arm-apple-darwin --prefix=/Users/hughwilliams/.openclaw/agents/metabot/workspace/zettair/devel/install

## --------- ##
## Platform. ##
## --------- ##

hostname = iMac.local
uname -m = arm64
uname -r = 23.6.0
uname -s = Darwin
uname -v = Darwin Kernel Version 23.6.0: Thu Dec 19 20:47:33 PST 2024; root:xnu-10063.141.1.703.2~1/RELEASE_ARM64_T8103

/usr/bin/uname -p = arm
/bin/uname -X     = unknown

/bin/arch              = unknown
/usr/bin/arch -k       = unknown
/usr/convex/getsysinfo = unknown
/usr/bin/hostinfo      = Mach kernel version:
	 Darwin Kernel Version 23.6.0: Thu Dec 19 20:47:33 PST 2024; root:xnu-10063.141.1.703.2~1/RELEASE_ARM64_T8103
Kernel configured for up to 8 processors.
8 processors are physically available.
8 processors are logically available.
Processor type: arm64e (ARM64E)
Processors active: 0 1 2 3 4 5 6 7
Primary memory available: 16.00 gigabytes
Default processor set: 511 tasks, 3038 threads, 8 processors
Load average: 2.65, Mach factor: 5.33
/bin/machine           = unknown
/usr/bin/oslevel       = unknown
/bin/universe          = unknown

PATH: /opt/homebrew/bin
PATH: /usr/local/bin
PATH: /Users/hughwilliams/.local/bin
PATH: /usr/bin
PATH: /bin
PATH: /Users/hughwilliams/.npm-global/bin
PATH: /Users/hughwilliams/bin
PATH: /Users/hughwilliams/.volta/bin
PATH: /Users/hughwilliams/.asdf/shims
PATH: /Users/hughwilliams/.bun/bin
PATH: /Users/hughwilliams/Library/Application Support/fnm/aliases/default/bin
PATH: /Users/hughwilliams/.fnm/aliases/default/bin
PATH: /Users/hughwilliams/Library/pnpm
PATH: /Users/hughwilliams/.local/share/pnpm


## ----------- ##
## Core tests. ##
## ----------- ##

configure:1995: checking build system type
configure:2013: result: arm-apple-darwin
configure:2035: checking host system type
configure:2050: result: arm-apple-darwin
configure:2072: checking target system type
configure:2087: result: arm-apple-darwin
configure:2621: checking for a BSD-compatible install
configure:2677: result: /usr/bin/install -c
configure:2688: checking whether build environment is sane
configure:2731: result: yes
configure:2759: checking for a thread-safe mkdir -p
configure:2798: result: ./install-sh -c -d
configure:2811: checking for gawk
configure:2841: result: no
configure:2811: checking for mawk
configure:2841: result: no
configure:2811: checking for nawk
configure:2841: result: no
configure:2811: checking for awk
configure:2827: found /usr/bin/awk
configure:2838: result: awk
configure:2849: checking whether make sets $(MAKE)
configure:2870: result: yes
configure:3143: checking for gcc
configure:3159: found /usr/bin/gcc
configure:3170: result: gcc
configure:3408: checking for C compiler version
configure:3415: gcc --version >&5
Apple clang version 15.0.0 (clang-1500.3.9.4)
Target: arm64-apple-darwin23.6.0
Thread model: posix
InstalledDir: /Library/Developer/CommandLineTools/usr/bin
configure:3418: $? = 0
configure:3425: gcc -v >&5
Apple clang version 15.0.0 (clang-1500.3.9.4)
Target: arm64-apple-darwin23.6.0
Thread model: posix
InstalledDir: /Library/Developer/CommandLineTools/usr/bin
configure:3428: $? = 0
configure:3435: gcc -V >&5
clang: error: argument to '-V' is missing (expected 1 value)
clang: error: no input files
configure:3438: $? = 1
configure:3461: checking for C compiler default output file name
configure:3488: gcc    conftest.c  >&5
configure:3491: $? = 0
configure:3529: result: a.out
configure:3546: checking whether the C compiler works
configure:3556: ./a.out
configure:3559: $? = 0
configure:3576: result: yes
configure:3583: checking whether we are cross compiling
configure:3585: result: no
configure:3588: checking for suffix of executables
configure:3595: gcc -o conftest    conftest.c  >&5
configure:3598: $? = 0
configure:3622: result: 
configure:3628: checking for suffix of object files
configure:3654: gcc -c   conftest.c >&5
configure:3657: $? = 0
configure:3680: result: o
configure:3684: checking whether we are using the GNU C compiler
configure:3713: gcc -c   conftest.c >&5
configure:3719: $? = 0
configure:3736: result: yes
configure:3741: checking whether gcc accepts -g
configure:3771: gcc -c -g  conftest.c >&5
configure:3777: $? = 0
configure:3876: result: yes
configure:3893: checking for gcc option to accept ISO C89
configure:3967: gcc  -c -g -O2  conftest.c >&5
conftest.c:17:14: warning: a function definition without a prototype is deprecated in all versions of C and is not supported in C2x [-Wdeprecated-non-prototype]
static char *e (p, i)
             ^
1 warning generated.
configure:3973: $? = 0
configure:3996: result: none needed
configure:4025: checking for style of include used by make
configure:4053: result: GNU
configure:4078: checking dependency style of gcc
configure:4169: result: gcc3
configure:4185: checking whether gcc and cc understand -c and -o together
configure:4220: gcc -c conftest.c -o conftest2.o >&5
configure:4223: $? = 0
configure:4229: gcc -c conftest.c -o conftest2.o >&5
configure:4232: $? = 0
configure:4243: cc -c conftest.c >&5
configure:4246: $? = 0
configure:4254: cc -c conftest.c -o conftest2.o >&5
configure:4257: $? = 0
configure:4263: cc -c conftest.c -o conftest2.o >&5
configure:4266: $? = 0
configure:4284: result: yes
configure:4385: checking for a sed that does not truncate output
configure:4441: result: /usr/bin/sed
configure:4444: checking for grep that handles long lines and -e
configure:4518: result: /usr/bin/grep
configure:4523: checking for egrep
configure:4601: result: /usr/bin/grep -E
configure:4617: checking for ld used by gcc
configure:4684: result: /Library/Developer/CommandLineTools/usr/bin/ld
configure:4693: checking if the linker (/Library/Developer/CommandLineTools/usr/bin/ld) is GNU ld
configure:4708: result: no
configure:4713: checking for /Library/Developer/CommandLineTools/usr/bin/ld option to reload object files
configure:4720: result: -r
configure:4738: checking for BSD-compatible nm
configure:4787: result: /usr/bin/nm -B
configure:4791: checking whether ln -s works
configure:4795: result: yes
configure:4802: checking how to recognize dependent libraries
configure:4988: result: pass_all
configure:5233: checking how to run the C preprocessor
configure:5273: gcc -E  conftest.c
configure:5279: $? = 0
configure:5310: gcc -E  conftest.c
conftest.c:10:10: fatal error: 'ac_nonexistent.h' file not found
#include <ac_nonexistent.h>
         ^~~~~~~~~~~~~~~~~~
1 error generated.
configure:5316: $? = 1
configure: failed program was:
| /* confdefs.h.  */
| #define PACKAGE_NAME "zettair"
| #define PACKAGE_TARNAME "zettair"
| #define PACKAGE_VERSION "trunk"
| #define PACKAGE_STRING "zettair trunk"
| #define PACKAGE_BUGREPORT "zettair@cs.rmit.edu.au"
| #define PACKAGE "zettair"
| #define VERSION "trunk"
| /* end confdefs.h.  */
| #include <ac_nonexistent.h>
configure:5349: result: gcc -E
configure:5378: gcc -E  conftest.c
configure:5384: $? = 0
configure:5415: gcc -E  conftest.c
conftest.c:10:10: fatal error: 'ac_nonexistent.h' file not found
#include <ac_nonexistent.h>
         ^~~~~~~~~~~~~~~~~~
1 error generated.
configure:5421: $? = 1
configure: failed program was:
| /* confdefs.h.  */
| #define PACKAGE_NAME "zettair"
| #define PACKAGE_TARNAME "zettair"
| #define PACKAGE_VERSION "trunk"
| #define PACKAGE_STRING "zettair trunk"
| #define PACKAGE_BUGREPORT "zettair@cs.rmit.edu.au"
| #define PACKAGE "zettair"
| #define VERSION "trunk"
| /* end confdefs.h.  */
| #include <ac_nonexistent.h>
configure:5459: checking for ANSI C header files
configure:5489: gcc -c -g -O2  conftest.c >&5
configure:5495: $? = 0
configure:5594: gcc -o conftest -g -O2   conftest.c  >&5
configure:5597: $? = 0
configure:5603: ./conftest
configure:5606: $? = 0
configure:5623: result: yes
configure:5647: checking for sys/types.h
configure:5668: gcc -c -g -O2  conftest.c >&5
configure:5674: $? = 0
configure:5690: result: yes
configure:5647: checking for sys/stat.h
configure:5668: gcc -c -g -O2  conftest.c >&5
configure:5674: $? = 0
configure:5690: result: yes
configure:5647: checking for stdlib.h
configure:5668: gcc -c -g -O2  conftest.c >&5
configure:5674: $? = 0
configure:5690: result: yes
configure:5647: checking for string.h
configure:5668: gcc -c -g -O2  conftest.c >&5
configure:5674: $? = 0
configure:5690: result: yes
configure:5647: checking for memory.h
configure:5668: gcc -c -g -O2  conftest.c >&5
configure:5674: $? = 0
configure:5690: result: yes
configure:5647: checking for strings.h
configure:5668: gcc -c -g -O2  conftest.c >&5
configure:5674: $? = 0
configure:5690: result: yes
configure:5647: checking for inttypes.h
configure:5668: gcc -c -g -O2  conftest.c >&5
configure:5674: $? = 0
configure:5690: result: yes
configure:5647: checking for stdint.h
configure:5668: gcc -c -g -O2  conftest.c >&5
configure:5674: $? = 0
configure:5690: result: yes
configure:5647: checking for unistd.h
configure:5668: gcc -c -g -O2  conftest.c >&5
configure:5674: $? = 0
configure:5690: result: yes
configure:5717: checking dlfcn.h usability
configure:5734: gcc -c -g -O2  conftest.c >&5
configure:5740: $? = 0
configure:5754: result: yes
configure:5758: checking dlfcn.h presence
configure:5773: gcc -E  conftest.c
configure:5779: $? = 0
configure:5793: result: yes
configure:5826: checking for dlfcn.h
configure:5834: result: yes
configure:5905: checking for g++
configure:5921: found /usr/bin/g++
configure:5932: result: g++
configure:5963: checking for C++ compiler version
configure:5970: g++ --version >&5
Apple clang version 15.0.0 (clang-1500.3.9.4)
Target: arm64-apple-darwin23.6.0
Thread model: posix
InstalledDir: /Library/Developer/CommandLineTools/usr/bin
configure:5973: $? = 0
configure:5980: g++ -v >&5
Apple clang version 15.0.0 (clang-1500.3.9.4)
Target: arm64-apple-darwin23.6.0
Thread model: posix
InstalledDir: /Library/Developer/CommandLineTools/usr/bin
configure:5983: $? = 0
configure:5990: g++ -V >&5
clang: error: argument to '-V' is missing (expected 1 value)
clang: error: no input files
configure:5993: $? = 1
configure:5996: checking whether we are using the GNU C++ compiler
configure:6025: g++ -c   conftest.cpp >&5
configure:6031: $? = 0
configure:6048: result: yes
configure:6053: checking whether g++ accepts -g
configure:6083: g++ -c -g  conftest.cpp >&5
configure:6089: $? = 0
configure:6188: result: yes
configure:6213: checking dependency style of g++
configure:6304: result: gcc3
configure:6329: checking how to run the C++ preprocessor
configure:6365: g++ -E  conftest.cpp
configure:6371: $? = 0
configure:6402: g++ -E  conftest.cpp
conftest.cpp:21:10: fatal error: 'ac_nonexistent.h' file not found
#include <ac_nonexistent.h>
         ^~~~~~~~~~~~~~~~~~
1 error generated.
configure:6408: $? = 1
configure: failed program was:
| /* confdefs.h.  */
| #define PACKAGE_NAME "zettair"
| #define PACKAGE_TARNAME "zettair"
| #define PACKAGE_VERSION "trunk"
| #define PACKAGE_STRING "zettair trunk"
| #define PACKAGE_BUGREPORT "zettair@cs.rmit.edu.au"
| #define PACKAGE "zettair"
| #define VERSION "trunk"
| #define STDC_HEADERS 1
| #define HAVE_SYS_TYPES_H 1
| #define HAVE_SYS_STAT_H 1
| #define HAVE_STDLIB_H 1
| #define HAVE_STRING_H 1
| #define HAVE_MEMORY_H 1
| #define HAVE_STRINGS_H 1
| #define HAVE_INTTYPES_H 1
| #define HAVE_STDINT_H 1
| #define HAVE_UNISTD_H 1
| #define HAVE_DLFCN_H 1
| /* end confdefs.h.  */
| #include <ac_nonexistent.h>
configure:6441: result: g++ -E
configure:6470: g++ -E  conftest.cpp
configure:6476: $? = 0
configure:6507: g++ -E  conftest.cpp
conftest.cpp:21:10: fatal error: 'ac_nonexistent.h' file not found
#include <ac_nonexistent.h>
         ^~~~~~~~~~~~~~~~~~
1 error generated.
configure:6513: $? = 1
configure: failed program was:
| /* confdefs.h.  */
| #define PACKAGE_NAME "zettair"
| #define PACKAGE_TARNAME "zettair"
| #define PACKAGE_VERSION "trunk"
| #define PACKAGE_STRING "zettair trunk"
| #define PACKAGE_BUGREPORT "zettair@cs.rmit.edu.au"
| #define PACKAGE "zettair"
| #define VERSION "trunk"
| #define STDC_HEADERS 1
| #define HAVE_SYS_TYPES_H 1
| #define HAVE_SYS_STAT_H 1
| #define HAVE_STDLIB_H 1
| #define HAVE_STRING_H 1
| #define HAVE_MEMORY_H 1
| #define HAVE_STRINGS_H 1
| #define HAVE_INTTYPES_H 1
| #define HAVE_STDINT_H 1
| #define HAVE_UNISTD_H 1
| #define HAVE_DLFCN_H 1
| /* end confdefs.h.  */
| #include <ac_nonexistent.h>
configure:6606: checking for g77
configure:6636: result: no
configure:6606: checking for xlf
configure:6636: result: no
configure:6606: checking for f77
configure:6636: result: no
configure:6606: checking for frt
configure:6636: result: no
configure:6606: checking for pgf77
configure:6636: result: no
configure:6606: checking for cf77
configure:6636: result: no
configure:6606: checking for fort77
configure:6636: result: no
configure:6606: checking for fl32
configure:6636: result: no
configure:6606: checking for af77
configure:6636: result: no
configure:6606: checking for xlf90
configure:6636: result: no
configure:6606: checking for f90
configure:6636: result: no
configure:6606: checking for pgf90
configure:6636: result: no
configure:6606: checking for pghpf
configure:6636: result: no
configure:6606: checking for epcf90
configure:6636: result: no
configure:6606: checking for gfortran
configure:6636: result: no
configure:6606: checking for g95
configure:6636: result: no
configure:6606: checking for xlf95
configure:6636: result: no
configure:6606: checking for f95
configure:6636: result: no
configure:6606: checking for fort
configure:6636: result: no
configure:6606: checking for ifort
configure:6636: result: no
configure:6606: checking for ifc
configure:6636: result: no
configure:6606: checking for efc
configure:6636: result: no
configure:6606: checking for pgf95
configure:6636: result: no
configure:6606: checking for lf95
configure:6636: result: no
configure:6606: checking for ftn
configure:6636: result: no
configure:6663: checking for Fortran 77 compiler version
configure:6670:  --version >&5
./configure: line 6671: --version: command not found
configure:6673: $? = 127
configure:6680:  -v >&5
./configure: line 6681: -v: command not found
configure:6683: $? = 127
configure:6690:  -V >&5
./configure: line 6691: -V: command not found
configure:6693: $? = 127
configure:6701: checking whether we are using the GNU Fortran 77 compiler
configure:6720:  -c  conftest.F >&5
./configure: line 6721: -c: command not found
configure:6726: $? = 127
configure: failed program was:
|       program main
| #ifndef __GNUC__
|        choke me
| #endif
| 
|       end
configure:6743: result: no
configure:6749: checking whether  accepts -g
configure:6766:  -c -g conftest.f >&5
./configure: line 6767: -c: command not found
configure:6772: $? = 127
configure: failed program was:
|       program main
| 
|       end
configure:6788: result: no
configure:6817: checking the maximum length of command line arguments
configure:6929: result: 786432
configure:6941: checking command to parse /usr/bin/nm -B output from gcc object
configure:7046: gcc -c -g -O2  conftest.c >&5
configure:7049: $? = 0
configure:7053: /usr/bin/nm -B conftest.o \| sed -n -e 's/^.*[ 	]\([ABCDGIRSTW][ABCDGIRSTW]*\)[ 	][ 	]*\([_A-Za-z][_A-Za-z0-9]*\)$/\1 \2 \2/p' \> conftest.nm
configure:7056: $? = 0
cannot find nm_test_var in conftest.nm
configure:7046: gcc -c -g -O2  conftest.c >&5
configure:7049: $? = 0
configure:7053: /usr/bin/nm -B conftest.o \| sed -n -e 's/^.*[ 	]\([ABCDGIRSTW][ABCDGIRSTW]*\)[ 	][ 	]*_\([_A-Za-z][_A-Za-z0-9]*\)$/\1 _\2 \2/p' \> conftest.nm
configure:7056: $? = 0
configure:7108: gcc -o conftest -g -O2   conftest.c conftstm.o >&5
configure:7111: $? = 0
configure:7149: result: ok
configure:7153: checking for objdir
configure:7168: result: .libs
configure:7260: checking for ar
configure:7276: found /usr/bin/ar
configure:7287: result: ar
configure:7356: checking for ranlib
configure:7372: found /usr/bin/ranlib
configure:7383: result: ranlib
configure:7452: checking for strip
configure:7468: found /usr/bin/strip
configure:7479: result: strip
configure:7736: checking for dsymutil
configure:7752: found /usr/bin/dsymutil
configure:7763: result: dsymutil
configure:7832: checking for nmedit
configure:7848: found /usr/bin/nmedit
configure:7859: result: nmedit
configure:7886: checking for -single_module linker flag
configure:7907: result: yes
configure:7909: checking for -exported_symbols_list linker flag
configure:7939: gcc -o conftest -g -O2   -Wl,-exported_symbols_list,conftest.sym conftest.c  >&5
configure:7945: $? = 0
configure:7964: result: yes
configure:8077: checking if gcc supports -fno-rtti -fno-exceptions
configure:8095: gcc -c -g -O2  -fno-rtti -fno-exceptions conftest.c >&5
configure:8099: $? = 0
configure:8112: result: yes
configure:8127: checking for gcc option to produce PIC
configure:8359: result: -fno-common
configure:8367: checking if gcc PIC flag -fno-common works
configure:8385: gcc -c -g -O2  -fno-common -DPIC conftest.c >&5
configure:8389: $? = 0
configure:8402: result: yes
configure:8430: checking if gcc static flag -static works
configure:8458: result: no
configure:8468: checking if gcc supports -c -o file.o
configure:8489: gcc -c -g -O2  -o out/conftest2.o conftest.c >&5
configure:8493: $? = 0
configure:8515: result: yes
configure:8541: checking whether the gcc linker (/Library/Developer/CommandLineTools/usr/bin/ld) supports shared libraries
configure:9522: result: yes
configure:9589: checking dynamic linker characteristics
configure:10203: result: darwin dyld
configure:10227: checking how to hardcode library paths into programs
configure:10252: result: immediate
configure:10266: checking whether stripping libraries is possible
configure:10280: result: yes
configure:11073: checking if libtool supports shared libraries
configure:11075: result: yes
configure:11078: checking whether to build shared libraries
configure:11099: result: yes
configure:11102: checking whether to build static libraries
configure:11106: result: yes
configure:11200: creating libtool
configure:11793: checking for ld used by g++
configure:11860: result: /Library/Developer/CommandLineTools/usr/bin/ld
configure:11869: checking if the linker (/Library/Developer/CommandLineTools/usr/bin/ld) is GNU ld
configure:11884: result: no
configure:11935: checking whether the g++ linker (/Library/Developer/CommandLineTools/usr/bin/ld) supports shared libraries
configure:12881: result: yes
configure:12898: g++ -c -g -O2  conftest.cpp >&5
configure:12901: $? = 0
configure:13057: checking for g++ option to produce PIC
configure:13341: result: -fno-common
configure:13349: checking if g++ PIC flag -fno-common works
configure:13367: g++ -c -g -O2  -fno-common -DPIC conftest.cpp >&5
configure:13371: $? = 0
configure:13384: result: yes
configure:13412: checking if g++ static flag -static works
configure:13440: result: no
configure:13450: checking if g++ supports -c -o file.o
configure:13471: g++ -c -g -O2  -o out/conftest2.o conftest.cpp >&5
configure:13475: $? = 0
configure:13497: result: yes
configure:13523: checking whether the g++ linker (/Library/Developer/CommandLineTools/usr/bin/ld) supports shared libraries
configure:13552: result: yes
configure:13619: checking dynamic linker characteristics
configure:14181: result: darwin dyld
configure:14205: checking how to hardcode library paths into programs
configure:14230: result: immediate
configure:20509: checking for a Python interpreter with version >= 2.2
configure:20524: python -c import sys, string # split strings by '.' and convert to numeric. Append some zeros # because we need at least 4 digits for the hex conversion. minver = map(int, string.split('2.2', '.')) + [0, 0, 0] minverhex = 0 for i in xrange(0, 4): minverhex = (minverhex << 8) + minver[i] sys.exit(sys.hexversion < minverhex)
./configure: line 20525: python: command not found
configure:20527: $? = 127
configure:20524: python2 -c import sys, string # split strings by '.' and convert to numeric. Append some zeros # because we need at least 4 digits for the hex conversion. minver = map(int, string.split('2.2', '.')) + [0, 0, 0] minverhex = 0 for i in xrange(0, 4): minverhex = (minverhex << 8) + minver[i] sys.exit(sys.hexversion < minverhex)
./configure: line 20525: python2: command not found
configure:20527: $? = 127
configure:20524: python2.5 -c import sys, string # split strings by '.' and convert to numeric. Append some zeros # because we need at least 4 digits for the hex conversion. minver = map(int, string.split('2.2', '.')) + [0, 0, 0] minverhex = 0 for i in xrange(0, 4): minverhex = (minverhex << 8) + minver[i] sys.exit(sys.hexversion < minverhex)
./configure: line 20525: python2.5: command not found
configure:20527: $? = 127
configure:20524: python2.4 -c import sys, string # split strings by '.' and convert to numeric. Append some zeros # because we need at least 4 digits for the hex conversion. minver = map(int, string.split('2.2', '.')) + [0, 0, 0] minverhex = 0 for i in xrange(0, 4): minverhex = (minverhex << 8) + minver[i] sys.exit(sys.hexversion < minverhex)
./configure: line 20525: python2.4: command not found
configure:20527: $? = 127
configure:20524: python2.3 -c import sys, string # split strings by '.' and convert to numeric. Append some zeros # because we need at least 4 digits for the hex conversion. minver = map(int, string.split('2.2', '.')) + [0, 0, 0] minverhex = 0 for i in xrange(0, 4): minverhex = (minverhex << 8) + minver[i] sys.exit(sys.hexversion < minverhex)
./configure: line 20525: python2.3: command not found
configure:20527: $? = 127
configure:20524: python2.2 -c import sys, string # split strings by '.' and convert to numeric. Append some zeros # because we need at least 4 digits for the hex conversion. minver = map(int, string.split('2.2', '.')) + [0, 0, 0] minverhex = 0 for i in xrange(0, 4): minverhex = (minverhex << 8) + minver[i] sys.exit(sys.hexversion < minverhex)
./configure: line 20525: python2.2: command not found
configure:20527: $? = 127
configure:20524: python2.1 -c import sys, string # split strings by '.' and convert to numeric. Append some zeros # because we need at least 4 digits for the hex conversion. minver = map(int, string.split('2.2', '.')) + [0, 0, 0] minverhex = 0 for i in xrange(0, 4): minverhex = (minverhex << 8) + minver[i] sys.exit(sys.hexversion < minverhex)
./configure: line 20525: python2.1: command not found
configure:20527: $? = 127
configure:20524: python2.0 -c import sys, string # split strings by '.' and convert to numeric. Append some zeros # because we need at least 4 digits for the hex conversion. minver = map(int, string.split('2.2', '.')) + [0, 0, 0] minverhex = 0 for i in xrange(0, 4): minverhex = (minverhex << 8) + minver[i] sys.exit(sys.hexversion < minverhex)
./configure: line 20525: python2.0: command not found
configure:20527: $? = 127
configure:20524: python1.6 -c import sys, string # split strings by '.' and convert to numeric. Append some zeros # because we need at least 4 digits for the hex conversion. minver = map(int, string.split('2.2', '.')) + [0, 0, 0] minverhex = 0 for i in xrange(0, 4): minverhex = (minverhex << 8) + minver[i] sys.exit(sys.hexversion < minverhex)
./configure: line 20525: python1.6: command not found
configure:20527: $? = 127
configure:20524: python1.5 -c import sys, string # split strings by '.' and convert to numeric. Append some zeros # because we need at least 4 digits for the hex conversion. minver = map(int, string.split('2.2', '.')) + [0, 0, 0] minverhex = 0 for i in xrange(0, 4): minverhex = (minverhex << 8) + minver[i] sys.exit(sys.hexversion < minverhex)
./configure: line 20525: python1.5: command not found
configure:20527: $? = 127
configure:20534: result: none
configure:20671: checking for ANSI C header files
configure:20835: result: yes
configure:20869: checking pthread.h usability
configure:20886: gcc -c -g -O2  conftest.c >&5
configure:20892: $? = 0
configure:20906: result: yes
configure:20910: checking pthread.h presence
configure:20925: gcc -E  conftest.c
configure:20931: $? = 0
configure:20945: result: yes
configure:20978: checking for pthread.h
configure:20986: result: yes
configure:20869: checking fcntl.h usability
configure:20886: gcc -c -g -O2  conftest.c >&5
configure:20892: $? = 0
configure:20906: result: yes
configure:20910: checking fcntl.h presence
configure:20925: gcc -E  conftest.c
configure:20931: $? = 0
configure:20945: result: yes
configure:20978: checking for fcntl.h
configure:20986: result: yes
configure:20869: checking float.h usability
configure:20886: gcc -c -g -O2  conftest.c >&5
configure:20892: $? = 0
configure:20906: result: yes
configure:20910: checking float.h presence
configure:20925: gcc -E  conftest.c
configure:20931: $? = 0
configure:20945: result: yes
configure:20978: checking for float.h
configure:20986: result: yes
configure:20869: checking limits.h usability
configure:20886: gcc -c -g -O2  conftest.c >&5
configure:20892: $? = 0
configure:20906: result: yes
configure:20910: checking limits.h presence
configure:20925: gcc -E  conftest.c
configure:20931: $? = 0
configure:20945: result: yes
configure:20978: checking for limits.h
configure:20986: result: yes
configure:20859: checking for memory.h
configure:20865: result: yes
configure:20859: checking for stdlib.h
configure:20865: result: yes
configure:20859: checking for string.h
configure:20865: result: yes
configure:20859: checking for strings.h
configure:20865: result: yes
configure:20869: checking sys/time.h usability
configure:20886: gcc -c -g -O2  conftest.c >&5
configure:20892: $? = 0
configure:20906: result: yes
configure:20910: checking sys/time.h presence
configure:20925: gcc -E  conftest.c
configure:20931: $? = 0
configure:20945: result: yes
configure:20978: checking for sys/time.h
configure:20986: result: yes
configure:20859: checking for unistd.h
configure:20865: result: yes
configure:21001: checking whether byte ordering is bigendian
configure:21034: gcc -c -g -O2  conftest.c >&5
configure:21040: $? = 0
configure:21072: gcc -c -g -O2  conftest.c >&5
conftest.c:39:2: error: use of undeclared identifier 'not'
 not big endian
 ^
1 error generated.
configure:21078: $? = 1
configure: failed program was:
| /* confdefs.h.  */
| #define PACKAGE_NAME "zettair"
| #define PACKAGE_TARNAME "zettair"
| #define PACKAGE_VERSION "trunk"
| #define PACKAGE_STRING "zettair trunk"
| #define PACKAGE_BUGREPORT "zettair@cs.rmit.edu.au"
| #define PACKAGE "zettair"
| #define VERSION "trunk"
| #define STDC_HEADERS 1
| #define HAVE_SYS_TYPES_H 1
| #define HAVE_SYS_STAT_H 1
| #define HAVE_STDLIB_H 1
| #define HAVE_STRING_H 1
| #define HAVE_MEMORY_H 1
| #define HAVE_STRINGS_H 1
| #define HAVE_INTTYPES_H 1
| #define HAVE_STDINT_H 1
| #define HAVE_UNISTD_H 1
| #define HAVE_DLFCN_H 1
| #define STDC_HEADERS 1
| #define HAVE_PTHREAD_H 1
| #define HAVE_FCNTL_H 1
| #define HAVE_FLOAT_H 1
| #define HAVE_LIMITS_H 1
| #define HAVE_MEMORY_H 1
| #define HAVE_STDLIB_H 1
| #define HAVE_STRING_H 1
| #define HAVE_STRINGS_H 1
| #define HAVE_SYS_TIME_H 1
| #define HAVE_UNISTD_H 1
| /* end confdefs.h.  */
| #include <sys/types.h>
| #include <sys/param.h>
| 
| int
| main ()
| {
| #if BYTE_ORDER != BIG_ENDIAN
|  not big endian
| #endif
| 
|   ;
|   return 0;
| }
configure:21218: result: no
configure:21238: checking for uint_fast32_t
configure:21268: gcc -c -g -O2  conftest.c >&5
configure:21274: $? = 0
configure:21289: result: yes
configure:21301: checking for uint32_t
configure:21331: gcc -c -g -O2  conftest.c >&5
configure:21337: $? = 0
configure:21352: result: yes
configure:21364: checking for uint16_t
configure:21394: gcc -c -g -O2  conftest.c >&5
configure:21400: $? = 0
configure:21415: result: yes
configure:21427: checking for uint8_t
configure:21457: gcc -c -g -O2  conftest.c >&5
configure:21463: $? = 0
configure:21478: result: yes
configure:21492: checking for an ANSI C-conforming const
configure:21567: gcc -c -g -O2  conftest.c >&5
configure:21573: $? = 0
configure:21588: result: yes
configure:21598: checking for size_t
configure:21628: gcc -c -g -O2  conftest.c >&5
configure:21634: $? = 0
configure:21649: result: yes
configure:21661: checking whether time.h and sys/time.h may both be included
configure:21691: gcc -c -g -O2  conftest.c >&5
configure:21697: $? = 0
configure:21712: result: yes
configure:21729: checking for stdlib.h
configure:21735: result: yes
configure:21869: checking for GNU libc compatible malloc
configure:21903: gcc -o conftest -g -O2   conftest.c  >&5
configure:21906: $? = 0
configure:21912: ./conftest
configure:21915: $? = 0
configure:21931: result: yes
configure:21959: checking for working memcmp
configure:22012: gcc -o conftest -g -O2   conftest.c  >&5
configure:22015: $? = 0
configure:22021: ./conftest
configure:22024: $? = 0
configure:22040: result: yes
configure:22054: checking for stdlib.h
configure:22060: result: yes
configure:22194: checking for GNU libc compatible realloc
configure:22228: gcc -o conftest -g -O2   conftest.c  >&5
configure:22231: $? = 0
configure:22237: ./conftest
configure:22240: $? = 0
configure:22256: result: yes
configure:22284: checking whether lstat dereferences a symlink specified with a trailing slash
configure:22320: gcc -o conftest -g -O2   conftest.c  >&5
configure:22323: $? = 0
configure:22329: ./conftest
configure:22332: $? = 1
configure: program exited with status 1
configure: failed program was:
| /* confdefs.h.  */
| #define PACKAGE_NAME "zettair"
| #define PACKAGE_TARNAME "zettair"
| #define PACKAGE_VERSION "trunk"
| #define PACKAGE_STRING "zettair trunk"
| #define PACKAGE_BUGREPORT "zettair@cs.rmit.edu.au"
| #define PACKAGE "zettair"
| #define VERSION "trunk"
| #define STDC_HEADERS 1
| #define HAVE_SYS_TYPES_H 1
| #define HAVE_SYS_STAT_H 1
| #define HAVE_STDLIB_H 1
| #define HAVE_STRING_H 1
| #define HAVE_MEMORY_H 1
| #define HAVE_STRINGS_H 1
| #define HAVE_INTTYPES_H 1
| #define HAVE_STDINT_H 1
| #define HAVE_UNISTD_H 1
| #define HAVE_DLFCN_H 1
| #define STDC_HEADERS 1
| #define HAVE_PTHREAD_H 1
| #define HAVE_FCNTL_H 1
| #define HAVE_FLOAT_H 1
| #define HAVE_LIMITS_H 1
| #define HAVE_MEMORY_H 1
| #define HAVE_STDLIB_H 1
| #define HAVE_STRING_H 1
| #define HAVE_STRINGS_H 1
| #define HAVE_SYS_TIME_H 1
| #define HAVE_UNISTD_H 1
| #define TIME_WITH_SYS_TIME 1
| #define HAVE_STDLIB_H 1
| #define HAVE_MALLOC 1
| #define HAVE_STDLIB_H 1
| #define HAVE_REALLOC 1
| /* end confdefs.h.  */
| #include <stdio.h>
| #ifdef HAVE_SYS_TYPES_H
| # include <sys/types.h>
| #endif
| #ifdef HAVE_SYS_STAT_H
| # include <sys/stat.h>
| #endif
| #ifdef STDC_HEADERS
| # include <stdlib.h>
| # include <stddef.h>
| #else
| # ifdef HAVE_STDLIB_H
| #  include <stdlib.h>
| # endif
| #endif
| #ifdef HAVE_STRING_H
| # if !defined STDC_HEADERS && defined HAVE_MEMORY_H
| #  include <memory.h>
| # endif
| # include <string.h>
| #endif
| #ifdef HAVE_STRINGS_H
| # include <strings.h>
| #endif
| #ifdef HAVE_INTTYPES_H
| # include <inttypes.h>
| #endif
| #ifdef HAVE_STDINT_H
| # include <stdint.h>
| #endif
| #ifdef HAVE_UNISTD_H
| # include <unistd.h>
| #endif
| int
| main ()
| {
| struct stat sbuf;
|      /* Linux will dereference the symlink and fail.
| 	That is better in the sense that it means we will not
| 	have to compile and use the lstat wrapper.  */
|      return lstat ("conftest.sym/", &sbuf) == 0;
|   ;
|   return 0;
| }
configure:22355: result: no
configure:22374: checking whether stat accepts an empty string
configure:22404: gcc -o conftest -g -O2   conftest.c  >&5
configure:22407: $? = 0
configure:22413: ./conftest
configure:22416: $? = 0
configure:22432: result: no
configure:22461: checking for getcwd
configure:22517: gcc -o conftest -g -O2   conftest.c  >&5
configure:22523: $? = 0
configure:22541: result: yes
configure:22461: checking for gettimeofday
configure:22517: gcc -o conftest -g -O2   conftest.c  >&5
configure:22523: $? = 0
configure:22541: result: yes
configure:22461: checking for memmove
configure:22517: gcc -o conftest -g -O2   conftest.c  >&5
conftest.c:62:6: warning: incompatible redeclaration of library function 'memmove' [-Wincompatible-library-redeclaration]
char memmove ();
     ^
conftest.c:62:6: note: 'memmove' is a builtin with type 'void *(void *, const void *, unsigned long)'
1 warning generated.
configure:22523: $? = 0
configure:22541: result: yes
configure:22461: checking for memset
configure:22517: gcc -o conftest -g -O2   conftest.c  >&5
conftest.c:63:6: warning: incompatible redeclaration of library function 'memset' [-Wincompatible-library-redeclaration]
char memset ();
     ^
conftest.c:63:6: note: 'memset' is a builtin with type 'void *(void *, int, unsigned long)'
1 warning generated.
configure:22523: $? = 0
configure:22541: result: yes
configure:22461: checking for strcasecmp
configure:22517: gcc -o conftest -g -O2   conftest.c  >&5
conftest.c:64:6: warning: incompatible redeclaration of library function 'strcasecmp' [-Wincompatible-library-redeclaration]
char strcasecmp ();
     ^
conftest.c:64:6: note: 'strcasecmp' is a builtin with type 'int (const char *, const char *)'
1 warning generated.
configure:22523: $? = 0
configure:22541: result: yes
configure:22461: checking for strchr
configure:22517: gcc -o conftest -g -O2   conftest.c  >&5
conftest.c:65:6: warning: incompatible redeclaration of library function 'strchr' [-Wincompatible-library-redeclaration]
char strchr ();
     ^
conftest.c:65:6: note: 'strchr' is a builtin with type 'char *(const char *, int)'
1 warning generated.
configure:22523: $? = 0
configure:22541: result: yes
configure:22461: checking for strerror
configure:22517: gcc -o conftest -g -O2   conftest.c  >&5
conftest.c:66:6: warning: incompatible redeclaration of library function 'strerror' [-Wincompatible-library-redeclaration]
char strerror ();
     ^
conftest.c:66:6: note: 'strerror' is a builtin with type 'char *(int)'
1 warning generated.
configure:22523: $? = 0
configure:22541: result: yes
configure:22461: checking for strncasecmp
configure:22517: gcc -o conftest -g -O2   conftest.c  >&5
conftest.c:67:6: warning: incompatible redeclaration of library function 'strncasecmp' [-Wincompatible-library-redeclaration]
char strncasecmp ();
     ^
conftest.c:67:6: note: 'strncasecmp' is a builtin with type 'int (const char *, const char *, unsigned long)'
1 warning generated.
configure:22523: $? = 0
configure:22541: result: yes
configure:22461: checking for strrchr
configure:22517: gcc -o conftest -g -O2   conftest.c  >&5
conftest.c:68:6: warning: incompatible redeclaration of library function 'strrchr' [-Wincompatible-library-redeclaration]
char strrchr ();
     ^
conftest.c:68:6: note: 'strrchr' is a builtin with type 'char *(const char *, int)'
1 warning generated.
configure:22523: $? = 0
configure:22541: result: yes
configure:22461: checking for strtol
configure:22517: gcc -o conftest -g -O2   conftest.c  >&5
conftest.c:69:6: warning: incompatible redeclaration of library function 'strtol' [-Wincompatible-library-redeclaration]
char strtol ();
     ^
conftest.c:69:6: note: 'strtol' is a builtin with type 'long (const char *, char **, int)'
1 warning generated.
configure:22523: $? = 0
configure:22541: result: yes
configure:22554: checking for pthread_create in -lpthread
configure:22589: gcc -o conftest -g -O2   conftest.c -lpthread   >&5
configure:22595: $? = 0
configure:22613: result: yes
configure:22625: checking for deflate in -lz
configure:22660: gcc -o conftest -g -O2   conftest.c -lz  -lpthread  >&5
configure:22666: $? = 0
configure:22684: result: yes
configure:22696: checking for sqrt in -lm
configure:22731: gcc -o conftest -g -O2   conftest.c -lm  -lz -lpthread  >&5
conftest.c:56:6: warning: incompatible redeclaration of library function 'sqrt' [-Wincompatible-library-redeclaration]
char sqrt ();
     ^
conftest.c:56:6: note: 'sqrt' is a builtin with type 'double (double)'
1 warning generated.
configure:22737: $? = 0
configure:22755: result: yes
configure:22767: checking for nanosleep in -lrt
configure:22802: gcc -o conftest -g -O2   conftest.c -lrt  -lm -lz -lpthread  >&5
ld: library 'rt' not found
clang: error: linker command failed with exit code 1 (use -v to see invocation)
configure:22808: $? = 1
configure: failed program was:
| /* confdefs.h.  */
| #define PACKAGE_NAME "zettair"
| #define PACKAGE_TARNAME "zettair"
| #define PACKAGE_VERSION "trunk"
| #define PACKAGE_STRING "zettair trunk"
| #define PACKAGE_BUGREPORT "zettair@cs.rmit.edu.au"
| #define PACKAGE "zettair"
| #define VERSION "trunk"
| #define STDC_HEADERS 1
| #define HAVE_SYS_TYPES_H 1
| #define HAVE_SYS_STAT_H 1
| #define HAVE_STDLIB_H 1
| #define HAVE_STRING_H 1
| #define HAVE_MEMORY_H 1
| #define HAVE_STRINGS_H 1
| #define HAVE_INTTYPES_H 1
| #define HAVE_STDINT_H 1
| #define HAVE_UNISTD_H 1
| #define HAVE_DLFCN_H 1
| #define STDC_HEADERS 1
| #define HAVE_PTHREAD_H 1
| #define HAVE_FCNTL_H 1
| #define HAVE_FLOAT_H 1
| #define HAVE_LIMITS_H 1
| #define HAVE_MEMORY_H 1
| #define HAVE_STDLIB_H 1
| #define HAVE_STRING_H 1
| #define HAVE_STRINGS_H 1
| #define HAVE_SYS_TIME_H 1
| #define HAVE_UNISTD_H 1
| #define TIME_WITH_SYS_TIME 1
| #define HAVE_STDLIB_H 1
| #define HAVE_MALLOC 1
| #define HAVE_STDLIB_H 1
| #define HAVE_REALLOC 1
| #define HAVE_GETCWD 1
| #define HAVE_GETTIMEOFDAY 1
| #define HAVE_MEMMOVE 1
| #define HAVE_MEMSET 1
| #define HAVE_STRCASECMP 1
| #define HAVE_STRCHR 1
| #define HAVE_STRERROR 1
| #define HAVE_STRNCASECMP 1
| #define HAVE_STRRCHR 1
| #define HAVE_STRTOL 1
| #define HAVE_LIBPTHREAD 1
| #define HAVE_LIBZ 1
| #define HAVE_LIBM 1
| /* end confdefs.h.  */
| 
| /* Override any GCC internal prototype to avoid an error.
|    Use char because int might match the return type of a GCC
|    builtin and then its argument prototype would still apply.  */
| #ifdef __cplusplus
| extern "C"
| #endif
| char nanosleep ();
| int
| main ()
| {
| return nanosleep ();
|   ;
|   return 0;
| }
configure:22826: result: no
configure:22838: checking for sqrtf in -lmx
configure:22873: gcc -o conftest -g -O2   conftest.c -lmx  -lm -lz -lpthread  >&5
conftest.c:57:6: warning: incompatible redeclaration of library function 'sqrtf' [-Wincompatible-library-redeclaration]
char sqrtf ();
     ^
conftest.c:57:6: note: 'sqrtf' is a builtin with type 'float (float)'
1 warning generated.
configure:22879: $? = 0
configure:22897: result: yes
configure:23128: creating ./config.status

## ---------------------- ##
## Running config.status. ##
## ---------------------- ##

This file was extended by zettair config.status trunk, which was
generated by GNU Autoconf 2.61.  Invocation command line was

  CONFIG_FILES    = 
  CONFIG_HEADERS  = 
  CONFIG_LINKS    = 
  CONFIG_COMMANDS = 
  $ ./config.status 

on iMac.local

config.status:681: creating Makefile
config.status:681: creating src/include/config.h
config.status:993: executing depfiles commands
configure:24551: creating ./config.status

## ---------------------- ##
## Running config.status. ##
## ---------------------- ##

This file was extended by zettair config.status trunk, which was
generated by GNU Autoconf 2.61.  Invocation command line was

  CONFIG_FILES    = 
  CONFIG_HEADERS  = 
  CONFIG_LINKS    = 
  CONFIG_COMMANDS = 
  $ ./config.status 

on iMac.local

config.status:682: creating Makefile
config.status:682: creating setup.py
config.status:682: creating src/include/config.h
config.status:947: src/include/config.h is unchanged
config.status:994: executing depfiles commands

## ---------------- ##
## Cache variables. ##
## ---------------- ##

ac_cv_build=arm-apple-darwin
ac_cv_c_bigendian=no
ac_cv_c_compiler_gnu=yes
ac_cv_c_const=yes
ac_cv_cxx_compiler_gnu=yes
ac_cv_env_CCC_set=
ac_cv_env_CCC_value=
ac_cv_env_CC_set=
ac_cv_env_CC_value=
ac_cv_env_CFLAGS_set=
ac_cv_env_CFLAGS_value=
ac_cv_env_CPPFLAGS_set=
ac_cv_env_CPPFLAGS_value=
ac_cv_env_CPP_set=
ac_cv_env_CPP_value=
ac_cv_env_CXXCPP_set=
ac_cv_env_CXXCPP_value=
ac_cv_env_CXXFLAGS_set=
ac_cv_env_CXXFLAGS_value=
ac_cv_env_CXX_set=
ac_cv_env_CXX_value=
ac_cv_env_F77_set=
ac_cv_env_F77_value=
ac_cv_env_FFLAGS_set=
ac_cv_env_FFLAGS_value=
ac_cv_env_LDFLAGS_set=
ac_cv_env_LDFLAGS_value=
ac_cv_env_LIBS_set=
ac_cv_env_LIBS_value=
ac_cv_env_build_alias_set=set
ac_cv_env_build_alias_value=arm-apple-darwin
ac_cv_env_host_alias_set=
ac_cv_env_host_alias_value=
ac_cv_env_target_alias_set=
ac_cv_env_target_alias_value=
ac_cv_f77_compiler_gnu=no
ac_cv_func_getcwd=yes
ac_cv_func_gettimeofday=yes
ac_cv_func_lstat_dereferences_slashed_symlink=no
ac_cv_func_malloc_0_nonnull=yes
ac_cv_func_memcmp_working=yes
ac_cv_func_memmove=yes
ac_cv_func_memset=yes
ac_cv_func_realloc_0_nonnull=yes
ac_cv_func_stat_empty_string_bug=no
ac_cv_func_strcasecmp=yes
ac_cv_func_strchr=yes
ac_cv_func_strerror=yes
ac_cv_func_strncasecmp=yes
ac_cv_func_strrchr=yes
ac_cv_func_strtol=yes
ac_cv_header_dlfcn_h=yes
ac_cv_header_fcntl_h=yes
ac_cv_header_float_h=yes
ac_cv_header_inttypes_h=yes
ac_cv_header_limits_h=yes
ac_cv_header_memory_h=yes
ac_cv_header_pthread_h=yes
ac_cv_header_stdc=yes
ac_cv_header_stdint_h=yes
ac_cv_header_stdlib_h=yes
ac_cv_header_string_h=yes
ac_cv_header_strings_h=yes
ac_cv_header_sys_stat_h=yes
ac_cv_header_sys_time_h=yes
ac_cv_header_sys_types_h=yes
ac_cv_header_time=yes
ac_cv_header_unistd_h=yes
ac_cv_host=arm-apple-darwin
ac_cv_lib_m_sqrt=yes
ac_cv_lib_mx_sqrtf=yes
ac_cv_lib_pthread_pthread_create=yes
ac_cv_lib_rt_nanosleep=no
ac_cv_lib_z_deflate=yes
ac_cv_objext=o
ac_cv_path_EGREP='/usr/bin/grep -E'
ac_cv_path_GREP=/usr/bin/grep
ac_cv_path_install='/usr/bin/install -c'
ac_cv_prog_AWK=awk
ac_cv_prog_CPP='gcc -E'
ac_cv_prog_CXXCPP='g++ -E'
ac_cv_prog_ac_ct_AR=ar
ac_cv_prog_ac_ct_CC=gcc
ac_cv_prog_ac_ct_CXX=g++
ac_cv_prog_ac_ct_DSYMUTIL=dsymutil
ac_cv_prog_ac_ct_NMEDIT=nmedit
ac_cv_prog_ac_ct_RANLIB=ranlib
ac_cv_prog_ac_ct_STRIP=strip
ac_cv_prog_cc_c89=
ac_cv_prog_cc_g=yes
ac_cv_prog_cc_gcc_c_o=yes
ac_cv_prog_cxx_g=yes
ac_cv_prog_f77_g=no
ac_cv_prog_make_make_set=yes
ac_cv_target=arm-apple-darwin
ac_cv_type_size_t=yes
ac_cv_type_uint16_t=yes
ac_cv_type_uint32_t=yes
ac_cv_type_uint8_t=yes
ac_cv_type_uint_fast32_t=yes
am_cv_CC_dependencies_compiler_type=gcc3
am_cv_CXX_dependencies_compiler_type=gcc3
am_cv_pathless_PYTHON=none
lt_cv_apple_cc_single_mod=yes
lt_cv_deplibs_check_method=pass_all
lt_cv_file_magic_cmd='$MAGIC_CMD'
lt_cv_file_magic_test_file=
lt_cv_ld_exported_symbols_list=yes
lt_cv_ld_reload_flag=-r
lt_cv_objdir=.libs
lt_cv_path_LD=/Library/Developer/CommandLineTools/usr/bin/ld
lt_cv_path_LDCXX=/Library/Developer/CommandLineTools/usr/bin/ld
lt_cv_path_NM='/usr/bin/nm -B'
lt_cv_path_SED=/usr/bin/sed
lt_cv_prog_compiler_c_o=yes
lt_cv_prog_compiler_c_o_CXX=yes
lt_cv_prog_compiler_pic_works=yes
lt_cv_prog_compiler_pic_works_CXX=yes
lt_cv_prog_compiler_rtti_exceptions=yes
lt_cv_prog_compiler_static_works=no
lt_cv_prog_compiler_static_works_CXX=no
lt_cv_prog_gnu_ld=no
lt_cv_prog_gnu_ldcxx=no
lt_cv_sys_global_symbol_pipe='sed -n -e '\''s/^.*[ 	]\([ABCDGIRSTW][ABCDGIRSTW]*\)[ 	][ 	]*_\([_A-Za-z][_A-Za-z0-9]*\)$/\1 _\2 \2/p'\'''
lt_cv_sys_global_symbol_to_c_name_address='sed -n -e '\''s/^: \([^ ]*\) $/  {\"\1\", (lt_ptr) 0},/p'\'' -e '\''s/^[BCDEGRST] \([^ ]*\) \([^ ]*\)$/  {"\2", (lt_ptr) \&\2},/p'\'''
lt_cv_sys_global_symbol_to_cdecl='sed -n -e '\''s/^. .* \(.*\)$/extern int \1;/p'\'''
lt_cv_sys_lib_dlsearch_path_spec='/usr/local/lib /lib /usr/lib'
lt_cv_sys_lib_search_path_spec='/Library/Developer/CommandLineTools/usr/lib/clang/15.0.0 /usr/local/lib'
lt_cv_sys_max_cmd_len=786432
lt_lt_cv_prog_compiler_c_o='"yes"'
lt_lt_cv_prog_compiler_c_o_CXX='"yes"'
lt_lt_cv_sys_global_symbol_pipe='"sed -n -e '\''s/^.*[ 	]\\([ABCDGIRSTW][ABCDGIRSTW]*\\)[ 	][ 	]*_\\([_A-Za-z][_A-Za-z0-9]*\\)\$/\\1 _\\2 \\2/p'\''"'
lt_lt_cv_sys_global_symbol_to_c_name_address='"sed -n -e '\''s/^: \\([^ ]*\\) \$/  {\\\"\\1\\\", (lt_ptr) 0},/p'\'' -e '\''s/^[BCDEGRST] \\([^ ]*\\) \\([^ ]*\\)\$/  {\"\\2\", (lt_ptr) \\&\\2},/p'\''"'
lt_lt_cv_sys_global_symbol_to_cdecl='"sed -n -e '\''s/^. .* \\(.*\\)\$/extern int \\1;/p'\''"'

## ----------------- ##
## Output variables. ##
## ----------------- ##

ACLOCAL='${SHELL} /Users/hughwilliams/.openclaw/agents/metabot/workspace/zettair/devel/missing --run aclocal-1.10'
AMDEPBACKSLASH='\'
AMDEP_FALSE='#'
AMDEP_TRUE=''
AMTAR='${SHELL} /Users/hughwilliams/.openclaw/agents/metabot/workspace/zettair/devel/missing --run tar'
AR='ar'
AUTOCONF='${SHELL} /Users/hughwilliams/.openclaw/agents/metabot/workspace/zettair/devel/missing --run autoconf'
AUTOHEADER='${SHELL} /Users/hughwilliams/.openclaw/agents/metabot/workspace/zettair/devel/missing --run autoheader'
AUTOMAKE='${SHELL} /Users/hughwilliams/.openclaw/agents/metabot/workspace/zettair/devel/missing --run automake-1.10'
AWK='awk'
CC='gcc'
CCDEPMODE='depmode=gcc3'
CFLAGS='-g -O2'
CPP='gcc -E'
CPPFLAGS=''
CXX='g++'
CXXCPP='g++ -E'
CXXDEPMODE='depmode=gcc3'
CXXFLAGS='-g -O2'
CYGPATH_W='echo'
DEFS='-DHAVE_CONFIG_H'
DEPDIR='.deps'
DSYMUTIL='dsymutil'
ECHO='/bin/echo'
ECHO_C='ECHO_N=''
ECHO_T=''
EGREP='/usr/bin/grep -E'
EXEEXT=''
F77=''
FFLAGS=''
GREP='/usr/bin/grep'
HAVE_PYTHON_FALSE=''
HAVE_PYTHON_TRUE='#'
INSTALL_DATA='${INSTALL} -m 644'
INSTALL_PROGRAM='${INSTALL}'
INSTALL_SCRIPT='${INSTALL}'
INSTALL_STRIP_PROGRAM='$(install_sh) -c -s'
LDFLAGS=''
LIBOBJS=' ${LIBOBJDIR}${LIBOBJDIR}lstat$U.o'
LIBS='-lmx -lm -lz -lpthread '
LIBTOOL='$(SHELL) $(top_builddir)/libtool'
LN_S='ln -s'
LTLIBOBJS=' ${LIBOBJDIR}${LIBOBJDIR}lstat$U.lo'
MAKEINFO='${SHELL} /Users/hughwilliams/.openclaw/agents/metabot/workspace/zettair/devel/missing --run makeinfo'
NMEDIT='nmedit'
OBJEXT='o'
OS='DARWIN'
OSINCLUDE='darwin'
PACKAGE='zettair'
PACKAGE_BUGREPORT='zettair@cs.rmit.edu.au'
PACKAGE_NAME='zettair'
PACKAGE_STRING='zettair trunk'
PACKAGE_TARNAME='zettair'
PACKAGE_VERSION='trunk'
PATH_SEPARATOR=':'
PYTHON=':'
PYTHON_EXEC_PREFIX=''
PYTHON_PLATFORM=''
PYTHON_PREFIX=''
PYTHON_VERSION=''
RANLIB='ranlib'
SED='/usr/bin/sed'
SET_MAKE=''
SHELL='/bin/sh'
STRIP='strip'
VERSION='trunk'
ac_ct_CC='gcc'
ac_ct_CXX='g++'
ac_ct_F77=''
am__fastdepCC_FALSE='#'
am__fastdepCC_TRUE=''
am__fastdepCXX_FALSE='#'
am__fastdepCXX_TRUE=''
am__include='include'
am__isrc=''
am__leading_dot='.'
am__quote=''
am__tar='${AMTAR} chof - "$$tardir"'
am__untar='${AMTAR} xf -'
bindir='${exec_prefix}/bin'
build='arm-apple-darwin'
build_alias='arm-apple-darwin'
build_cpu='arm'
build_os='darwin'
build_vendor='apple'
datadir='${datarootdir}'
datarootdir='${prefix}/share'
docdir='${datarootdir}/doc/${PACKAGE_TARNAME}'
dvidir='${docdir}'
exec_prefix='${prefix}'
host='arm-apple-darwin'
host_alias=''
host_cpu='arm'
host_os='darwin'
host_vendor='apple'
htmldir='${docdir}'
includedir='${prefix}/include'
infodir='${datarootdir}/info'
install_sh='$(SHELL) /Users/hughwilliams/.openclaw/agents/metabot/workspace/zettair/devel/install-sh'
libdir='${exec_prefix}/lib'
libexecdir='${exec_prefix}/libexec'
localedir='${datarootdir}/locale'
localstatedir='${prefix}/var'
mandir='${datarootdir}/man'
mkdir_p='$(top_builddir)/./install-sh -c -d'
oldincludedir='/usr/include'
pdfdir='${docdir}'
pkgpyexecdir=''
pkgpythondir=''
prefix='/Users/hughwilliams/.openclaw/agents/metabot/workspace/zettair/devel/install'
program_transform_name='s,x,x,'
psdir='${docdir}'
pyexecdir=''
pythondir=''
sbindir='${exec_prefix}/sbin'
sharedstatedir='${prefix}/com'
sysconfdir='${prefix}/etc'
target='arm-apple-darwin'
target_alias=''
target_cpu='arm'
target_os='darwin'
target_vendor='apple'

## ----------- ##
## confdefs.h. ##
## ----------- ##

#define PACKAGE_NAME "zettair"
#define PACKAGE_TARNAME "zettair"
#define PACKAGE_VERSION "trunk"
#define PACKAGE_STRING "zettair trunk"
#define PACKAGE_BUGREPORT "zettair@cs.rmit.edu.au"
#define PACKAGE "zettair"
#define VERSION "trunk"
#define STDC_HEADERS 1
#define HAVE_SYS_TYPES_H 1
#define HAVE_SYS_STAT_H 1
#define HAVE_STDLIB_H 1
#define HAVE_STRING_H 1
#define HAVE_MEMORY_H 1
#define HAVE_STRINGS_H 1
#define HAVE_INTTYPES_H 1
#define HAVE_STDINT_H 1
#define HAVE_UNISTD_H 1
#define HAVE_DLFCN_H 1
#define STDC_HEADERS 1
#define HAVE_PTHREAD_H 1
#define HAVE_FCNTL_H 1
#define HAVE_FLOAT_H 1
#define HAVE_LIMITS_H 1
#define HAVE_MEMORY_H 1
#define HAVE_STDLIB_H 1
#define HAVE_STRING_H 1
#define HAVE_STRINGS_H 1
#define HAVE_SYS_TIME_H 1
#define HAVE_UNISTD_H 1
#define TIME_WITH_SYS_TIME 1
#define HAVE_STDLIB_H 1
#define HAVE_MALLOC 1
#define HAVE_STDLIB_H 1
#define HAVE_REALLOC 1
#define HAVE_GETCWD 1
#define HAVE_GETTIMEOFDAY 1
#define HAVE_MEMMOVE 1
#define HAVE_MEMSET 1
#define HAVE_STRCASECMP 1
#define HAVE_STRCHR 1
#define HAVE_STRERROR 1
#define HAVE_STRNCASECMP 1
#define HAVE_STRRCHR 1
#define HAVE_STRTOL 1
#define HAVE_LIBPTHREAD 1
#define HAVE_LIBZ 1
#define HAVE_LIBM 1
#define HAVE_LIBMX 1

configure: exit 0
